0 info it worked if it ends with ok
1 verbose cli [ '/usr/local/bin/node', '/usr/local/bin/npm', 'run', 'deploy' ]
2 info using npm@3.5.2
3 info using node@v4.2.3
4 verbose run-script [ 'predeploy', 'deploy', 'postdeploy' ]
5 info lifecycle weekly-collection@1.0.0~predeploy: weekly-collection@1.0.0
6 silly lifecycle weekly-collection@1.0.0~predeploy: no script for predeploy, continuing
7 info lifecycle weekly-collection@1.0.0~deploy: weekly-collection@1.0.0
8 verbose lifecycle weekly-collection@1.0.0~deploy: unsafe-perm in lifecycle true
9 verbose lifecycle weekly-collection@1.0.0~deploy: PATH: /usr/local/lib/node_modules/npm/bin/node-gyp-bin:/mnt/D/Git/f2etw/weekly-collection/node_modules/.bin:/home/r/.rvm/gems/ruby-2.1.3/bin:/home/r/.rvm/gems/ruby-2.1.3@global/bin:/home/r/.rvm/rubies/ruby-2.1.3/bin:/home/r/bin:/usr/local/bin:/usr/local/sbin:/usr/local/bin:/usr/sbin:/usr/bin:/sbin:/bin:/usr/games:/usr/local/games:/home/r/.rvm/bin
10 verbose lifecycle weekly-collection@1.0.0~deploy: CWD: /mnt/D/Git/f2etw/weekly-collection
11 silly lifecycle weekly-collection@1.0.0~deploy: Args: [ '-c', 'gh-pages-deploy' ]
12 info lifecycle weekly-collection@1.0.0~deploy: Failed to exec deploy script
13 verbose stack Error: weekly-collection@1.0.0 deploy: `gh-pages-deploy`
13 verbose stack spawn ENOENT
13 verbose stack     at ChildProcess.<anonymous> (/usr/local/lib/node_modules/npm/lib/utils/spawn.js:17:16)
13 verbose stack     at emitTwo (events.js:87:13)
13 verbose stack     at ChildProcess.emit (events.js:172:7)
13 verbose stack     at maybeClose (internal/child_process.js:818:16)
13 verbose stack     at Process.ChildProcess._handle.onexit (internal/child_process.js:211:5)
14 verbose pkgid weekly-collection@1.0.0
15 verbose cwd /mnt/D/Git/f2etw/weekly-collection
16 error Linux 3.19.0-56-generic
17 error argv "/usr/local/bin/node" "/usr/local/bin/npm" "run" "deploy"
18 error node v4.2.3
19 error npm  v3.5.2
20 error file sh
21 error code ELIFECYCLE
22 error errno ENOENT
23 error syscall spawn
24 error weekly-collection@1.0.0 deploy: `gh-pages-deploy`
24 error spawn ENOENT
25 error Failed at the weekly-collection@1.0.0 deploy script 'gh-pages-deploy'.
25 error Make sure you have the latest version of node.js and npm installed.
25 error If you do, this is most likely a problem with the weekly-collection package,
25 error not with npm itself.
25 error Tell the author that this fails on your system:
25 error     gh-pages-deploy
25 error You can get information on how to open an issue for this project with:
25 error     npm bugs weekly-collection
25 error Or if that isn't available, you can get their info via:
25 error     npm owner ls weekly-collection
25 error There is likely additional logging output above.
26 verbose exit [ 1, true ]
